<?xml version="1.0" encoding="UTF-8"?>
<testsuite xmlns:xsi="http://www.w3.org/2001/XMLSchema-instance" xsi:noNamespaceSchemaLocation="https://maven.apache.org/surefire/maven-surefire-plugin/xsd/surefire-test-report-3.0.xsd" version="3.0" name="TestSuite" time="33.399" tests="6" errors="0" skipped="0" failures="0">
  <properties>
[...]
</properties>
  <testcase name="clicToRemoveButtonTest" classname="com.pageTest.Component_2_Test" time="3.058">
    <system-out><![CDATA[Before navigating to: 'file:///Users/khosruzzaman/FrameWork/AutomationSuitOfIndex/sample/index.html'
Navigated to:'file:///Users/khosruzzaman/FrameWork/AutomationSuitOfIndex/sample/index.html'
Trying to find Element By : By.xpath: //header/div[2]/div
Found Element By : By.xpath: //header/div[2]/div
Trying to click on: [[FirefoxDriver: firefox on MAC (2d3c8485-5652-7747-b497-81aeecd843a5)] -> xpath: //header/div[2]/div]
Clicked on: [[FirefoxDriver: firefox on MAC (2d3c8485-5652-7747-b497-81aeecd843a5)] -> xpath: //header/div[2]/div]
Trying to find Element By : By.xpath: //header/div[2]/div
Found Element By : By.xpath: //header/div[2]/div
Trying to click on: [[FirefoxDriver: firefox on MAC (2d3c8485-5652-7747-b497-81aeecd843a5)] -> xpath: //header/div[2]/div]
Clicked on: [[FirefoxDriver: firefox on MAC (2d3c8485-5652-7747-b497-81aeecd843a5)] -> xpath: //header/div[2]/div]
Trying to find Element By : By.xpath: //header/div[2]/div
Found Element By : By.xpath: //header/div[2]/div
Trying to click on: [[FirefoxDriver: firefox on MAC (2d3c8485-5652-7747-b497-81aeecd843a5)] -> xpath: //header/div[2]/div]
Clicked on: [[FirefoxDriver: firefox on MAC (2d3c8485-5652-7747-b497-81aeecd843a5)] -> xpath: //header/div[2]/div]
Trying to find Element By : By.xpath: //header/div[2]/div
Found Element By : By.xpath: //header/div[2]/div
Trying to click on: [[FirefoxDriver: firefox on MAC (2d3c8485-5652-7747-b497-81aeecd843a5)] -> xpath: //header/div[2]/div]
Clicked on: [[FirefoxDriver: firefox on MAC (2d3c8485-5652-7747-b497-81aeecd843a5)] -> xpath: //header/div[2]/div]
Trying to find Element By : By.xpath: //header/div[2]/div
Found Element By : By.xpath: //header/div[2]/div
Trying to click on: [[FirefoxDriver: firefox on MAC (2d3c8485-5652-7747-b497-81aeecd843a5)] -> xpath: //header/div[2]/div]
Clicked on: [[FirefoxDriver: firefox on MAC (2d3c8485-5652-7747-b497-81aeecd843a5)] -> xpath: //header/div[2]/div]
Trying to find Element By : By.xpath: //header/div[2]/div
Found Element By : By.xpath: //header/div[2]/div
Trying to click on: [[FirefoxDriver: firefox on MAC (2d3c8485-5652-7747-b497-81aeecd843a5)] -> xpath: //header/div[2]/div]
Clicked on: [[FirefoxDriver: firefox on MAC (2d3c8485-5652-7747-b497-81aeecd843a5)] -> xpath: //header/div[2]/div]
Trying to find Element By : By.xpath: //header/div[5]
Found Element By : By.xpath: //header/div[5]
Selected Clicks are : 
Click 1
Click 2
Click 3
Click 4
Click 5
Click 6
Trying to find Element By : By.xpath: //header/button[1]
Found Element By : By.xpath: //header/button[1]
Trying to click on: [[FirefoxDriver: firefox on MAC (2d3c8485-5652-7747-b497-81aeecd843a5)] -> xpath: //header/button[1]]
Clicked on: [[FirefoxDriver: firefox on MAC (2d3c8485-5652-7747-b497-81aeecd843a5)] -> xpath: //header/button[1]]
Trying to find Element By : By.xpath: //header/button[1]
Found Element By : By.xpath: //header/button[1]
Trying to click on: [[FirefoxDriver: firefox on MAC (2d3c8485-5652-7747-b497-81aeecd843a5)] -> xpath: //header/button[1]]
Clicked on: [[FirefoxDriver: firefox on MAC (2d3c8485-5652-7747-b497-81aeecd843a5)] -> xpath: //header/button[1]]
Trying to find Element By : By.xpath: //header/button[1]
Found Element By : By.xpath: //header/button[1]
Trying to click on: [[FirefoxDriver: firefox on MAC (2d3c8485-5652-7747-b497-81aeecd843a5)] -> xpath: //header/button[1]]
Clicked on: [[FirefoxDriver: firefox on MAC (2d3c8485-5652-7747-b497-81aeecd843a5)] -> xpath: //header/button[1]]
Trying to find Element By : By.xpath: //header/button[1]
Found Element By : By.xpath: //header/button[1]
Trying to click on: [[FirefoxDriver: firefox on MAC (2d3c8485-5652-7747-b497-81aeecd843a5)] -> xpath: //header/button[1]]
Clicked on: [[FirefoxDriver: firefox on MAC (2d3c8485-5652-7747-b497-81aeecd843a5)] -> xpath: //header/button[1]]
Trying to find Element By : By.xpath: //header/button[1]
Found Element By : By.xpath: //header/button[1]
Trying to click on: [[FirefoxDriver: firefox on MAC (2d3c8485-5652-7747-b497-81aeecd843a5)] -> xpath: //header/button[1]]
Clicked on: [[FirefoxDriver: firefox on MAC (2d3c8485-5652-7747-b497-81aeecd843a5)] -> xpath: //header/button[1]]
Trying to find Element By : By.xpath: //header/button[1]
Found Element By : By.xpath: //header/button[1]
Trying to click on: [[FirefoxDriver: firefox on MAC (2d3c8485-5652-7747-b497-81aeecd843a5)] -> xpath: //header/button[1]]
Clicked on: [[FirefoxDriver: firefox on MAC (2d3c8485-5652-7747-b497-81aeecd843a5)] -> xpath: //header/button[1]]
]]></system-out>
    <system-err><![CDATA[1610684117333	geckodriver	INFO	Listening on 127.0.0.1:3252
1610684117576	mozrunner::runner	INFO	Running command: "/Applications/Firefox.app/Contents/MacOS/firefox-bin" "--marionette" "-foreground" "-no-remote" "-profile" "/var/folders/bc/mchjvc256mb9rykdt6l_v_jc0000gn/T/rust_mozprofileYYvrzU"
2021-01-14 23:15:19.276 firefox-bin[4602:129678] Warning: Expected min height of view: (<NSButton: 0x14405cc00>) to be less than or equal to 30 but got a height of 32.000000. This error will be logged once per view in violation.
2021-01-14 23:15:19.276 firefox-bin[4602:129678] Warning: Expected min height of view: (<NSButton: 0x144055400>) to be less than or equal to 30 but got a height of 32.000000. This error will be logged once per view in violation.
2021-01-14 23:15:19.277 firefox-bin[4602:129678] Warning: Expected min height of view: (<NSButton: 0x14405a000>) to be less than or equal to 30 but got a height of 32.000000. This error will be logged once per view in violation.
2021-01-14 23:15:19.277 firefox-bin[4602:129678] Warning: Expected min height of view: (<NSButton: 0x14405a400>) to be less than or equal to 30 but got a height of 32.000000. This error will be logged once per view in violation.
2021-01-14 23:15:19.277 firefox-bin[4602:129678] Warning: Expected min height of view: (<NSButton: 0x14405a800>) to be less than or equal to 30 but got a height of 32.000000. This error will be logged once per view in violation.
2021-01-14 23:15:19.278 firefox-bin[4602:129678] Warning: Expected min height of view: (<NSPopoverTouchBarItemButton: 0x144057c00>) to be less than or equal to 30 but got a height of 32.000000. This error will be logged once per view in violation.
2021-01-14 23:15:19.278 firefox-bin[4602:129678] Warning: Expected min height of view: (<NSPopoverTouchBarItemButton: 0x1440e4800>) to be less than or equal to 30 but got a height of 32.000000. This error will be logged once per view in violation.
console.warn: SearchSettings: "get: No settings file exists, new profile?" (new Error("", "(unknown module)"))
1610684120211	Marionette	INFO	Listening on port 57792
1610684120310	Marionette	WARN	TLS certificate errors will be ignored for this session
Jan 14, 2021 11:15:20 PM org.openqa.selenium.remote.ProtocolHandshake createSession
INFO: Detected dialect: W3C
]]></system-err>
  </testcase>
  <testcase name="displayItemsTest" classname="com.pageTest.Component_2_Test" time="1.472">
    <system-out><![CDATA[Before navigating to: 'file:///Users/khosruzzaman/FrameWork/AutomationSuitOfIndex/sample/index.html'
Navigated to:'file:///Users/khosruzzaman/FrameWork/AutomationSuitOfIndex/sample/index.html'
Trying to find Element By : By.xpath: //header/div[2]/div
Found Element By : By.xpath: //header/div[2]/div
Trying to click on: [[FirefoxDriver: firefox on MAC (93db1af8-5dc7-1647-a76e-ba9860d0ff97)] -> xpath: //header/div[2]/div]
Clicked on: [[FirefoxDriver: firefox on MAC (93db1af8-5dc7-1647-a76e-ba9860d0ff97)] -> xpath: //header/div[2]/div]
Trying to find Element By : By.xpath: //header/div[2]/div
Found Element By : By.xpath: //header/div[2]/div
Trying to click on: [[FirefoxDriver: firefox on MAC (93db1af8-5dc7-1647-a76e-ba9860d0ff97)] -> xpath: //header/div[2]/div]
Clicked on: [[FirefoxDriver: firefox on MAC (93db1af8-5dc7-1647-a76e-ba9860d0ff97)] -> xpath: //header/div[2]/div]
Trying to find Element By : By.xpath: //header/div[2]/div
Found Element By : By.xpath: //header/div[2]/div
Trying to click on: [[FirefoxDriver: firefox on MAC (93db1af8-5dc7-1647-a76e-ba9860d0ff97)] -> xpath: //header/div[2]/div]
Clicked on: [[FirefoxDriver: firefox on MAC (93db1af8-5dc7-1647-a76e-ba9860d0ff97)] -> xpath: //header/div[2]/div]
Trying to find Element By : By.xpath: //header/div[2]/div
Found Element By : By.xpath: //header/div[2]/div
Trying to click on: [[FirefoxDriver: firefox on MAC (93db1af8-5dc7-1647-a76e-ba9860d0ff97)] -> xpath: //header/div[2]/div]
Clicked on: [[FirefoxDriver: firefox on MAC (93db1af8-5dc7-1647-a76e-ba9860d0ff97)] -> xpath: //header/div[2]/div]
Trying to find Element By : By.xpath: //header/div[2]/div
Found Element By : By.xpath: //header/div[2]/div
Trying to click on: [[FirefoxDriver: firefox on MAC (93db1af8-5dc7-1647-a76e-ba9860d0ff97)] -> xpath: //header/div[2]/div]
Clicked on: [[FirefoxDriver: firefox on MAC (93db1af8-5dc7-1647-a76e-ba9860d0ff97)] -> xpath: //header/div[2]/div]
Trying to find Element By : By.xpath: //header/div[2]/div
Found Element By : By.xpath: //header/div[2]/div
Trying to click on: [[FirefoxDriver: firefox on MAC (93db1af8-5dc7-1647-a76e-ba9860d0ff97)] -> xpath: //header/div[2]/div]
Clicked on: [[FirefoxDriver: firefox on MAC (93db1af8-5dc7-1647-a76e-ba9860d0ff97)] -> xpath: //header/div[2]/div]
Trying to find Element By : By.xpath: //header/div[5]
Found Element By : By.xpath: //header/div[5]
Selected Clicks are : 
Click 1
Click 2
Click 3
Click 4
Click 5
Click 6
Item is Available in the list..
]]></system-out>
    <system-err><![CDATA[1610684123958	Marionette	INFO	Stopped listening on port 57792
1610684124410	geckodriver	INFO	Listening on 127.0.0.1:47232
1610684124431	mozrunner::runner	INFO	Running command: "/Applications/Firefox.app/Contents/MacOS/firefox-bin" "--marionette" "-foreground" "-no-remote" "-profile" "/var/folders/bc/mchjvc256mb9rykdt6l_v_jc0000gn/T/rust_mozprofilejBEL6P"
2021-01-14 23:15:26.067 firefox-bin[4612:130408] Warning: Expected min height of view: (<NSButton: 0x14458c400>) to be less than or equal to 30 but got a height of 32.000000. This error will be logged once per view in violation.
2021-01-14 23:15:26.068 firefox-bin[4612:130408] Warning: Expected min height of view: (<NSButton: 0x144614000>) to be less than or equal to 30 but got a height of 32.000000. This error will be logged once per view in violation.
2021-01-14 23:15:26.068 firefox-bin[4612:130408] Warning: Expected min height of view: (<NSButton: 0x144615800>) to be less than or equal to 30 but got a height of 32.000000. This error will be logged once per view in violation.
2021-01-14 23:15:26.068 firefox-bin[4612:130408] Warning: Expected min height of view: (<NSButton: 0x144615c00>) to be less than or equal to 30 but got a height of 32.000000. This error will be logged once per view in violation.
2021-01-14 23:15:26.069 firefox-bin[4612:130408] Warning: Expected min height of view: (<NSButton: 0x144612000>) to be less than or equal to 30 but got a height of 32.000000. This error will be logged once per view in violation.
2021-01-14 23:15:26.069 firefox-bin[4612:130408] Warning: Expected min height of view: (<NSPopoverTouchBarItemButton: 0x144617400>) to be less than or equal to 30 but got a height of 32.000000. This error will be logged once per view in violation.
2021-01-14 23:15:26.069 firefox-bin[4612:130408] Warning: Expected min height of view: (<NSPopoverTouchBarItemButton: 0x1446f8400>) to be less than or equal to 30 but got a height of 32.000000. This error will be logged once per view in violation.
console.warn: SearchSettings: "get: No settings file exists, new profile?" (new Error("", "(unknown module)"))
1610684127029	Marionette	INFO	Listening on port 57936
1610684127050	Marionette	WARN	TLS certificate errors will be ignored for this session
Jan 14, 2021 11:15:27 PM org.openqa.selenium.remote.ProtocolHandshake createSession
INFO: Detected dialect: W3C
]]></system-err>
  </testcase>
  <testcase name="selectLisItemtInVisiblilityTest" classname="com.pageTest.Component_2_Test" time="2.325">
    <system-out><![CDATA[Before navigating to: 'file:///Users/khosruzzaman/FrameWork/AutomationSuitOfIndex/sample/index.html'
Navigated to:'file:///Users/khosruzzaman/FrameWork/AutomationSuitOfIndex/sample/index.html'
Trying to find Element By : By.xpath: //header/div[2]/div
Found Element By : By.xpath: //header/div[2]/div
Trying to click on: [[FirefoxDriver: firefox on MAC (a1c6ff37-2472-7e45-b910-3b610bda073c)] -> xpath: //header/div[2]/div]
Clicked on: [[FirefoxDriver: firefox on MAC (a1c6ff37-2472-7e45-b910-3b610bda073c)] -> xpath: //header/div[2]/div]
Trying to find Element By : By.xpath: //header/div[2]/div
Found Element By : By.xpath: //header/div[2]/div
Trying to click on: [[FirefoxDriver: firefox on MAC (a1c6ff37-2472-7e45-b910-3b610bda073c)] -> xpath: //header/div[2]/div]
Clicked on: [[FirefoxDriver: firefox on MAC (a1c6ff37-2472-7e45-b910-3b610bda073c)] -> xpath: //header/div[2]/div]
Trying to find Element By : By.xpath: //header/div[2]/div
Found Element By : By.xpath: //header/div[2]/div
Trying to click on: [[FirefoxDriver: firefox on MAC (a1c6ff37-2472-7e45-b910-3b610bda073c)] -> xpath: //header/div[2]/div]
Clicked on: [[FirefoxDriver: firefox on MAC (a1c6ff37-2472-7e45-b910-3b610bda073c)] -> xpath: //header/div[2]/div]
Trying to find Element By : By.xpath: //header/div[2]/div
Found Element By : By.xpath: //header/div[2]/div
Trying to click on: [[FirefoxDriver: firefox on MAC (a1c6ff37-2472-7e45-b910-3b610bda073c)] -> xpath: //header/div[2]/div]
Clicked on: [[FirefoxDriver: firefox on MAC (a1c6ff37-2472-7e45-b910-3b610bda073c)] -> xpath: //header/div[2]/div]
Trying to find Element By : By.xpath: //header/div[2]/div
Found Element By : By.xpath: //header/div[2]/div
Trying to click on: [[FirefoxDriver: firefox on MAC (a1c6ff37-2472-7e45-b910-3b610bda073c)] -> xpath: //header/div[2]/div]
Clicked on: [[FirefoxDriver: firefox on MAC (a1c6ff37-2472-7e45-b910-3b610bda073c)] -> xpath: //header/div[2]/div]
Trying to find Element By : By.xpath: //header/div[2]/div
Found Element By : By.xpath: //header/div[2]/div
Trying to click on: [[FirefoxDriver: firefox on MAC (a1c6ff37-2472-7e45-b910-3b610bda073c)] -> xpath: //header/div[2]/div]
Clicked on: [[FirefoxDriver: firefox on MAC (a1c6ff37-2472-7e45-b910-3b610bda073c)] -> xpath: //header/div[2]/div]
Trying to find Element By : By.xpath: //header/div[2]/div
Found Element By : By.xpath: //header/div[2]/div
Trying to click on: [[FirefoxDriver: firefox on MAC (a1c6ff37-2472-7e45-b910-3b610bda073c)] -> xpath: //header/div[2]/div]
Clicked on: [[FirefoxDriver: firefox on MAC (a1c6ff37-2472-7e45-b910-3b610bda073c)] -> xpath: //header/div[2]/div]
Trying to find Element By : By.xpath: //header/div[2]/div
Found Element By : By.xpath: //header/div[2]/div
Trying to click on: [[FirefoxDriver: firefox on MAC (a1c6ff37-2472-7e45-b910-3b610bda073c)] -> xpath: //header/div[2]/div]
Clicked on: [[FirefoxDriver: firefox on MAC (a1c6ff37-2472-7e45-b910-3b610bda073c)] -> xpath: //header/div[2]/div]
Selected Item of 5 is Not Available In the list
Trying to find Element By : By.xpath: //header/div[3]/select
Found Element By : By.xpath: //header/div[3]/select
Trying to find Element By : By.xpath: //header/div[3]/select
Found Element By : By.xpath: //header/div[3]/select
Trying to find Element By : By.xpath: //header/div[3]/select
Found Element By : By.xpath: //header/div[3]/select
Trying to find Element By : By.tagName: option
Found Element By : By.tagName: option
Trying to click on: [[[[FirefoxDriver: firefox on MAC (a1c6ff37-2472-7e45-b910-3b610bda073c)] -> xpath: //header/div[3]/select]] -> tag name: option]
Clicked on: [[[[FirefoxDriver: firefox on MAC (a1c6ff37-2472-7e45-b910-3b610bda073c)] -> xpath: //header/div[3]/select]] -> tag name: option]
Trying to find Element By : By.xpath: //header/div[5]
Found Element By : By.xpath: //header/div[5]
Click 1
Click 2
Click 3
Click 4
Click 6
Click 7
Click 8
]]></system-out>
    <system-err><![CDATA[1610684128977	Marionette	INFO	Stopped listening on port 57936
1610684129423	geckodriver	INFO	Listening on 127.0.0.1:44050
1610684129441	mozrunner::runner	INFO	Running command: "/Applications/Firefox.app/Contents/MacOS/firefox-bin" "--marionette" "-foreground" "-no-remote" "-profile" "/var/folders/bc/mchjvc256mb9rykdt6l_v_jc0000gn/T/rust_mozprofileCHqjPG"
2021-01-14 23:15:31.060 firefox-bin[4619:131023] Warning: Expected min height of view: (<NSButton: 0x13fec3000>) to be less than or equal to 30 but got a height of 32.000000. This error will be logged once per view in violation.
2021-01-14 23:15:31.060 firefox-bin[4619:131023] Warning: Expected min height of view: (<NSButton: 0x13fec3400>) to be less than or equal to 30 but got a height of 32.000000. This error will be logged once per view in violation.
2021-01-14 23:15:31.060 firefox-bin[4619:131023] Warning: Expected min height of view: (<NSButton: 0x13fec2000>) to be less than or equal to 30 but got a height of 32.000000. This error will be logged once per view in violation.
2021-01-14 23:15:31.061 firefox-bin[4619:131023] Warning: Expected min height of view: (<NSButton: 0x13fec8c00>) to be less than or equal to 30 but got a height of 32.000000. This error will be logged once per view in violation.
2021-01-14 23:15:31.061 firefox-bin[4619:131023] Warning: Expected min height of view: (<NSButton: 0x13fec5c00>) to be less than or equal to 30 but got a height of 32.000000. This error will be logged once per view in violation.
2021-01-14 23:15:31.061 firefox-bin[4619:131023] Warning: Expected min height of view: (<NSPopoverTouchBarItemButton: 0x13fec9000>) to be less than or equal to 30 but got a height of 32.000000. This error will be logged once per view in violation.
2021-01-14 23:15:31.062 firefox-bin[4619:131023] Warning: Expected min height of view: (<NSPopoverTouchBarItemButton: 0x140129800>) to be less than or equal to 30 but got a height of 32.000000. This error will be logged once per view in violation.
console.warn: SearchSettings: "get: No settings file exists, new profile?" (new Error("", "(unknown module)"))
1610684131885	Marionette	INFO	Listening on port 58088
1610684131954	Marionette	WARN	TLS certificate errors will be ignored for this session
Jan 14, 2021 11:15:31 PM org.openqa.selenium.remote.ProtocolHandshake createSession
INFO: Detected dialect: W3C
]]></system-err>
  </testcase>
  <testcase name="selectListVisiblilityTest" classname="com.pageTest.Component_2_Test" time="1.907">
    <system-out><![CDATA[Before navigating to: 'file:///Users/khosruzzaman/FrameWork/AutomationSuitOfIndex/sample/index.html'
Navigated to:'file:///Users/khosruzzaman/FrameWork/AutomationSuitOfIndex/sample/index.html'
Trying to find Element By : By.xpath: //header/div[2]/div
Found Element By : By.xpath: //header/div[2]/div
Trying to click on: [[FirefoxDriver: firefox on MAC (570c9f1e-2581-d54d-ad73-70efa80972f8)] -> xpath: //header/div[2]/div]
Clicked on: [[FirefoxDriver: firefox on MAC (570c9f1e-2581-d54d-ad73-70efa80972f8)] -> xpath: //header/div[2]/div]
Trying to find Element By : By.xpath: //header/div[2]/div
Found Element By : By.xpath: //header/div[2]/div
Trying to click on: [[FirefoxDriver: firefox on MAC (570c9f1e-2581-d54d-ad73-70efa80972f8)] -> xpath: //header/div[2]/div]
Clicked on: [[FirefoxDriver: firefox on MAC (570c9f1e-2581-d54d-ad73-70efa80972f8)] -> xpath: //header/div[2]/div]
Trying to find Element By : By.xpath: //header/div[2]/div
Found Element By : By.xpath: //header/div[2]/div
Trying to click on: [[FirefoxDriver: firefox on MAC (570c9f1e-2581-d54d-ad73-70efa80972f8)] -> xpath: //header/div[2]/div]
Clicked on: [[FirefoxDriver: firefox on MAC (570c9f1e-2581-d54d-ad73-70efa80972f8)] -> xpath: //header/div[2]/div]
Trying to find Element By : By.xpath: //header/div[2]/div
Found Element By : By.xpath: //header/div[2]/div
Trying to click on: [[FirefoxDriver: firefox on MAC (570c9f1e-2581-d54d-ad73-70efa80972f8)] -> xpath: //header/div[2]/div]
Clicked on: [[FirefoxDriver: firefox on MAC (570c9f1e-2581-d54d-ad73-70efa80972f8)] -> xpath: //header/div[2]/div]
Trying to find Element By : By.xpath: //header/div[2]/div
Found Element By : By.xpath: //header/div[2]/div
Trying to click on: [[FirefoxDriver: firefox on MAC (570c9f1e-2581-d54d-ad73-70efa80972f8)] -> xpath: //header/div[2]/div]
Clicked on: [[FirefoxDriver: firefox on MAC (570c9f1e-2581-d54d-ad73-70efa80972f8)] -> xpath: //header/div[2]/div]
Trying to find Element By : By.xpath: //header/div[2]/div
Found Element By : By.xpath: //header/div[2]/div
Trying to click on: [[FirefoxDriver: firefox on MAC (570c9f1e-2581-d54d-ad73-70efa80972f8)] -> xpath: //header/div[2]/div]
Clicked on: [[FirefoxDriver: firefox on MAC (570c9f1e-2581-d54d-ad73-70efa80972f8)] -> xpath: //header/div[2]/div]
Trying to find Element By : By.xpath: //header/div[3]/select
Found Element By : By.xpath: //header/div[3]/select
Trying to find Element By : By.xpath: //header/div[3]/select
Found Element By : By.xpath: //header/div[3]/select
Trying to find Element By : By.xpath: //header/div[3]/select
Found Element By : By.xpath: //header/div[3]/select
Trying to find Element By : By.tagName: option
Found Element By : By.tagName: option
Trying to click on: [[[[FirefoxDriver: firefox on MAC (570c9f1e-2581-d54d-ad73-70efa80972f8)] -> xpath: //header/div[3]/select]] -> tag name: option]
Clicked on: [[[[FirefoxDriver: firefox on MAC (570c9f1e-2581-d54d-ad73-70efa80972f8)] -> xpath: //header/div[3]/select]] -> tag name: option]
Trying to find Element By : By.xpath: //header/div[4]/div
Found Element By : By.xpath: //header/div[4]/div
Trying to find Element By : By.xpath: //header/div[5]
Found Element By : By.xpath: //header/div[5]
Selected Clicks are : 
Click 1
Click 2
Click 3
Click 4
Click 6
]]></system-out>
    <system-err><![CDATA[1610684134734	Marionette	INFO	Stopped listening on port 58088
1610684135161	geckodriver	INFO	Listening on 127.0.0.1:10447
1610684135187	mozrunner::runner	INFO	Running command: "/Applications/Firefox.app/Contents/MacOS/firefox-bin" "--marionette" "-foreground" "-no-remote" "-profile" "/var/folders/bc/mchjvc256mb9rykdt6l_v_jc0000gn/T/rust_mozprofilewC73SK"
2021-01-14 23:15:36.844 firefox-bin[4627:131662] Warning: Expected min height of view: (<NSButton: 0x1443e6400>) to be less than or equal to 30 but got a height of 32.000000. This error will be logged once per view in violation.
2021-01-14 23:15:36.845 firefox-bin[4627:131662] Warning: Expected min height of view: (<NSButton: 0x1443e6800>) to be less than or equal to 30 but got a height of 32.000000. This error will be logged once per view in violation.
2021-01-14 23:15:36.845 firefox-bin[4627:131662] Warning: Expected min height of view: (<NSButton: 0x1443ea800>) to be less than or equal to 30 but got a height of 32.000000. This error will be logged once per view in violation.
2021-01-14 23:15:36.845 firefox-bin[4627:131662] Warning: Expected min height of view: (<NSButton: 0x1443e8400>) to be less than or equal to 30 but got a height of 32.000000. This error will be logged once per view in violation.
2021-01-14 23:15:36.846 firefox-bin[4627:131662] Warning: Expected min height of view: (<NSButton: 0x1443e5c00>) to be less than or equal to 30 but got a height of 32.000000. This error will be logged once per view in violation.
2021-01-14 23:15:36.846 firefox-bin[4627:131662] Warning: Expected min height of view: (<NSPopoverTouchBarItemButton: 0x1443eb800>) to be less than or equal to 30 but got a height of 32.000000. This error will be logged once per view in violation.
2021-01-14 23:15:36.846 firefox-bin[4627:131662] Warning: Expected min height of view: (<NSPopoverTouchBarItemButton: 0x14457c800>) to be less than or equal to 30 but got a height of 32.000000. This error will be logged once per view in violation.
console.warn: SearchSettings: "get: No settings file exists, new profile?" (new Error("", "(unknown module)"))
1610684137788	Marionette	INFO	Listening on port 58222
1610684137902	Marionette	WARN	TLS certificate errors will be ignored for this session
Jan 14, 2021 11:15:37 PM org.openqa.selenium.remote.ProtocolHandshake createSession
INFO: Detected dialect: W3C

Selected RED Item is : Click 5 selected
]]></system-err>
  </testcase>
  <testcase name="pageTitleTest" classname="com.pageTest.Component_2_Test" time="0.001">
    <system-out><![CDATA[Before navigating to: 'file:///Users/khosruzzaman/FrameWork/AutomationSuitOfIndex/sample/index.html'
Navigated to:'file:///Users/khosruzzaman/FrameWork/AutomationSuitOfIndex/sample/index.html'
]]></system-out>
    <system-err><![CDATA[1610684140272	Marionette	INFO	Stopped listening on port 58222
1610684140695	geckodriver	INFO	Listening on 127.0.0.1:6036
1610684140711	mozrunner::runner	INFO	Running command: "/Applications/Firefox.app/Contents/MacOS/firefox-bin" "--marionette" "-foreground" "-no-remote" "-profile" "/var/folders/bc/mchjvc256mb9rykdt6l_v_jc0000gn/T/rust_mozprofiletsyF1d"
2021-01-14 23:15:42.327 firefox-bin[4634:132316] Warning: Expected min height of view: (<NSButton: 0x14057b000>) to be less than or equal to 30 but got a height of 32.000000. This error will be logged once per view in violation.
2021-01-14 23:15:42.327 firefox-bin[4634:132316] Warning: Expected min height of view: (<NSButton: 0x140916800>) to be less than or equal to 30 but got a height of 32.000000. This error will be logged once per view in violation.
2021-01-14 23:15:42.327 firefox-bin[4634:132316] Warning: Expected min height of view: (<NSButton: 0x140916400>) to be less than or equal to 30 but got a height of 32.000000. This error will be logged once per view in violation.
2021-01-14 23:15:42.328 firefox-bin[4634:132316] Warning: Expected min height of view: (<NSButton: 0x140913400>) to be less than or equal to 30 but got a height of 32.000000. This error will be logged once per view in violation.
2021-01-14 23:15:42.328 firefox-bin[4634:132316] Warning: Expected min height of view: (<NSButton: 0x140917000>) to be less than or equal to 30 but got a height of 32.000000. This error will be logged once per view in violation.
2021-01-14 23:15:42.328 firefox-bin[4634:132316] Warning: Expected min height of view: (<NSPopoverTouchBarItemButton: 0x140913c00>) to be less than or equal to 30 but got a height of 32.000000. This error will be logged once per view in violation.
2021-01-14 23:15:42.329 firefox-bin[4634:132316] Warning: Expected min height of view: (<NSPopoverTouchBarItemButton: 0x14091e000>) to be less than or equal to 30 but got a height of 32.000000. This error will be logged once per view in violation.
console.warn: SearchSettings: "get: No settings file exists, new profile?" (new Error("", "(unknown module)"))
1610684143219	Marionette	INFO	Listening on port 58379
1610684143347	Marionette	WARN	TLS certificate errors will be ignored for this session
Jan 14, 2021 11:15:43 PM org.openqa.selenium.remote.ProtocolHandshake createSession
INFO: Detected dialect: W3C
]]></system-err>
  </testcase>
  <testcase name="clickToAddButtonTest" classname="com.pageTest.Component_2_Test" time="1.454">
    <system-out><![CDATA[Before navigating to: 'file:///Users/khosruzzaman/FrameWork/AutomationSuitOfIndex/sample/index.html'
Navigated to:'file:///Users/khosruzzaman/FrameWork/AutomationSuitOfIndex/sample/index.html'
Trying to find Element By : By.xpath: //header/div[2]/div
Found Element By : By.xpath: //header/div[2]/div
Trying to click on: [[FirefoxDriver: firefox on MAC (376ffec4-4a7e-4f42-8ec5-a8a5d76a6047)] -> xpath: //header/div[2]/div]
Clicked on: [[FirefoxDriver: firefox on MAC (376ffec4-4a7e-4f42-8ec5-a8a5d76a6047)] -> xpath: //header/div[2]/div]
Trying to find Element By : By.xpath: //header/div[2]/div
Found Element By : By.xpath: //header/div[2]/div
Trying to click on: [[FirefoxDriver: firefox on MAC (376ffec4-4a7e-4f42-8ec5-a8a5d76a6047)] -> xpath: //header/div[2]/div]
Clicked on: [[FirefoxDriver: firefox on MAC (376ffec4-4a7e-4f42-8ec5-a8a5d76a6047)] -> xpath: //header/div[2]/div]
Trying to find Element By : By.xpath: //header/div[2]/div
Found Element By : By.xpath: //header/div[2]/div
Trying to click on: [[FirefoxDriver: firefox on MAC (376ffec4-4a7e-4f42-8ec5-a8a5d76a6047)] -> xpath: //header/div[2]/div]
Clicked on: [[FirefoxDriver: firefox on MAC (376ffec4-4a7e-4f42-8ec5-a8a5d76a6047)] -> xpath: //header/div[2]/div]
Trying to find Element By : By.xpath: //header/div[2]/div
Found Element By : By.xpath: //header/div[2]/div
Trying to click on: [[FirefoxDriver: firefox on MAC (376ffec4-4a7e-4f42-8ec5-a8a5d76a6047)] -> xpath: //header/div[2]/div]
Clicked on: [[FirefoxDriver: firefox on MAC (376ffec4-4a7e-4f42-8ec5-a8a5d76a6047)] -> xpath: //header/div[2]/div]
Trying to find Element By : By.xpath: //header/div[2]/div
Found Element By : By.xpath: //header/div[2]/div
Trying to click on: [[FirefoxDriver: firefox on MAC (376ffec4-4a7e-4f42-8ec5-a8a5d76a6047)] -> xpath: //header/div[2]/div]
Clicked on: [[FirefoxDriver: firefox on MAC (376ffec4-4a7e-4f42-8ec5-a8a5d76a6047)] -> xpath: //header/div[2]/div]
Trying to find Element By : By.xpath: //header/div[2]/div
Found Element By : By.xpath: //header/div[2]/div
Trying to click on: [[FirefoxDriver: firefox on MAC (376ffec4-4a7e-4f42-8ec5-a8a5d76a6047)] -> xpath: //header/div[2]/div]
Clicked on: [[FirefoxDriver: firefox on MAC (376ffec4-4a7e-4f42-8ec5-a8a5d76a6047)] -> xpath: //header/div[2]/div]
Trying to find Element By : By.xpath: //header/div[5]
Found Element By : By.xpath: //header/div[5]
Selected Clicks are : 
Click 1
Click 2
Click 3
Click 4
Click 5
Click 6
]]></system-out>
    <system-err><![CDATA[1610684143790	Marionette	INFO	Stopped listening on port 58379
JavaScript error: resource://activity-stream/lib/ASRouter.jsm, line 987: NS_ERROR_ILLEGAL_VALUE: Component returned failure code: 0x80070057 (NS_ERROR_ILLEGAL_VALUE) [nsIObserverService.removeObserver]
1610684144222	geckodriver	INFO	Listening on 127.0.0.1:45199
1610684144249	mozrunner::runner	INFO	Running command: "/Applications/Firefox.app/Contents/MacOS/firefox-bin" "--marionette" "-foreground" "-no-remote" "-profile" "/var/folders/bc/mchjvc256mb9rykdt6l_v_jc0000gn/T/rust_mozprofilexjaYeu"
2021-01-14 23:15:45.853 firefox-bin[4643:132992] Warning: Expected min height of view: (<NSButton: 0x142654800>) to be less than or equal to 30 but got a height of 32.000000. This error will be logged once per view in violation.
2021-01-14 23:15:45.854 firefox-bin[4643:132992] Warning: Expected min height of view: (<NSButton: 0x142656c00>) to be less than or equal to 30 but got a height of 32.000000. This error will be logged once per view in violation.
2021-01-14 23:15:45.854 firefox-bin[4643:132992] Warning: Expected min height of view: (<NSButton: 0x142657000>) to be less than or equal to 30 but got a height of 32.000000. This error will be logged once per view in violation.
2021-01-14 23:15:45.854 firefox-bin[4643:132992] Warning: Expected min height of view: (<NSButton: 0x14264fc00>) to be less than or equal to 30 but got a height of 32.000000. This error will be logged once per view in violation.
2021-01-14 23:15:45.855 firefox-bin[4643:132992] Warning: Expected min height of view: (<NSButton: 0x142654400>) to be less than or equal to 30 but got a height of 32.000000. This error will be logged once per view in violation.
2021-01-14 23:15:45.855 firefox-bin[4643:132992] Warning: Expected min height of view: (<NSPopoverTouchBarItemButton: 0x142650000>) to be less than or equal to 30 but got a height of 32.000000. This error will be logged once per view in violation.
2021-01-14 23:15:45.855 firefox-bin[4643:132992] Warning: Expected min height of view: (<NSPopoverTouchBarItemButton: 0x1426e4000>) to be less than or equal to 30 but got a height of 32.000000. This error will be logged once per view in violation.
console.warn: SearchSettings: "get: No settings file exists, new profile?" (new Error("", "(unknown module)"))
1610684146793	Marionette	INFO	Listening on port 58486
1610684146868	Marionette	WARN	TLS certificate errors will be ignored for this session
Jan 14, 2021 11:15:46 PM org.openqa.selenium.remote.ProtocolHandshake createSession
INFO: Detected dialect: W3C
]]></system-err>
  </testcase>
</testsuite>