<?xml version="1.0" encoding="UTF-8"?>
<!-- Generated by org.testng.reporters.JUnitXMLReporter -->
<testsuite hostname="khosruzs-MBP.lan" ignored="0" name="Regression Test Suit" tests="6" failures="0" timestamp="2021-01-14T23:15:49 EST" time="32.372" errors="0">
  <testcase name="clicToRemoveButtonTest" time="3.061" classname="com.pageTest.Component_2_Test"/>
  <testcase name="displayItemsTest" time="1.474" classname="com.pageTest.Component_2_Test"/>
  <testcase name="selectLisItemtInVisiblilityTest" time="2.324" classname="com.pageTest.Component_2_Test"/>
  <testcase name="selectListVisiblilityTest" time="1.904" classname="com.pageTest.Component_2_Test"/>
  <testcase name="pageTitleTest" time="0.009" classname="com.pageTest.Component_2_Test"/>
  <testcase name="clickToAddButtonTest" time="1.452" classname="com.pageTest.Component_2_Test"/>
</testsuite> <!-- Regression Test Suit -->
